<?xml version="1.0" encoding="UTF-8"?>
<!-- Generated by org.testng.reporters.JUnitXMLReporter -->
<testsuite ignored="2" hostname="DESKTOP-FALBJAG" failures="0" tests="2" name="Test" time="0.133" errors="0" timestamp="2022-09-18T13:03:43 IST">
  <testcase classname="delete.delete.testngdemo" name="demo" time="0.021"/>
  <testcase classname="delete.delete.testngdemo" name="demoNg1" time="0.007"/>
  <testcase classname="delete.delete.testngdemo" name="demoNg2" time="0.0">
    <ignored/>
  </testcase> <!-- demoNg2 -->
  <testcase classname="delete.delete.testngdemo" name="demoNg3" time="0.0">
    <ignored/>
  </testcase> <!-- demoNg3 -->
</testsuite> <!-- Test -->
